<?xml version="1.0" encoding="UTF-8" ?>
<testsuite errors="2" failures="1" hostname="DESKTOP-LEK8MRK" name="workingtime.views.Employee.AllEmpScreenTest" skipped="0" tests="6" time="0.924" timestamp="2024-10-07T23:41:39">
  <properties>
    <property name="libs.jsp-compiler.javadoc" value="" />
    <property name="netbeans.autoupdate.country" value="ES" />
    <property name="libs.jakartaee-web-api-8.0.src" value="" />
    <property name="nb.wait.for.caches" value="true" />
    <property name="libs.graaljs.maven-pom" value="" />
    <property name="javac.test.classpath" value="C:\Users\parra\Downloads\jcalendar-1.4.jar\jcalendar-1.4.jar:C:\Users\parra\Downloads\mysql-connector-java-5.1.12\mysql-connector-java-5.1.12\mysql-connector-java-5.1.12-bin.jar:C:\Users\parra\Downloads\Libreria Poi\poi-3.9.jar:C:\Users\parra\Downloads\javax.mail.jar:build/classes:C:\Program Files\NetBeans-13\netbeans\platform\modules\ext\junit-4.13.2.jar:C:\Program Files\NetBeans-13\netbeans\platform\modules\ext\hamcrest-core-1.3.jar" />
    <property name="libs.jsf20.maven-pom" value="" />
    <property name="javac.test.sourcepath" value="G:\SEAS\DiseñoyDesarrolloDeInterface\ProyectoFinal\WorkingTime\build\empty" />
    <property name="maven.defaultProjectBuilder.disableGlobalModelCache" value="true" />
    <property name="libs.spring-webmvc4.0.src" value="" />
    <property name="ant.core.lib" value="C:\Program Files\NetBeans-13\netbeans\extide\ant\lib\ant.jar" />
    <property name="file.reference.poi-3.9.jar" value="C:\Users\parra\Downloads\Libreria Poi\poi-3.9.jar" />
    <property name="javadoc.windowtitle" value="" />
    <property name="libs.jsp-compilation.javadoc" value="" />
    <property name="user.dir" value="G:\SEAS\DiseñoyDesarrolloDeInterface\ProyectoFinal\WorkingTime" />
    <property name="libs.javaee-api-7.0.src" value="" />
    <property name="java.vm.version" value="25.271-b09" />
    <property name="libs.jakartaee-web-api-8.0.maven-pom" value="" />
    <property name="libs.eclipselinkmodelgen.src" value="" />
    <property name="jlink.additionalmodules" value="" />
    <property name="javadoc.notree" value="false" />
    <property name="netbeans.autoupdate.version" value="1.23" />
    <property name="libs.javaee-web-api-6.0.classpath" value="C:\Program Files\NetBeans-13\netbeans\enterprise\modules\ext\javaee-web-api-6.0.jar" />
    <property name="javac.profile.cmd.line.arg" value="" />
    <property name="jdk.home" value="C:\Program Files\Java\jdk1.8.0_271" />
    <property name="javadoc.noindex" value="false" />
    <property name="sun.os.patch.level" value="" />
    <property name="do.archive+manifest.available" value="true" />
    <property name="java.vm.specification.name" value="Java Virtual Machine Specification" />
    <property name="netbeans.autoupdate.variant" value="" />
    <property name="have.tests" value="true" />
    <property name="org.xml.sax.driver" value="com.sun.org.apache.xerces.internal.jaxp.SAXParserImpl$JAXPSAXParser" />
    <property name="libs.hamcrest.classpath" value="C:\Program Files\NetBeans-13\netbeans\platform\modules\ext\hamcrest-core-1.3.jar" />
    <property name="os.name" value="Windows 10" />
    <property name="libs.jakartaee-web-api-9.0.javadoc" value="C:\Program Files\NetBeans-13\netbeans\enterprise\docs\jakartaee9-doc-api.jar" />
    <property name="file.reference.jcalendar-1.4.jar" value="C:\Users\parra\Downloads\jcalendar-1.4.jar\jcalendar-1.4.jar" />
    <property name="libs.javaee-endorsed-api-7.0.maven-pom" value="" />
    <property name="libs.ConnectorJ.classpath" value="C:\Users\parra\Downloads\mysql-connector-java-5.1.12\mysql-connector-java-5.1.12\mysql-connector-java-5.1.12-bin.jar" />
    <property name="ap.proc.none.internal" value="" />
    <property name="file.reference.mysql-connector-java-5.1.12-bin.jar" value="C:\Users\parra\Downloads\mysql-connector-java-5.1.12\mysql-connector-java-5.1.12\mysql-connector-java-5.1.12-bin.jar" />
    <property name="libs.restapi.javadoc" value="" />
    <property name="libs.JWSAntTasks.maven-pom" value="" />
    <property name="libs.jstl.classpath" value="C:\Program Files\NetBeans-13\netbeans\enterprise\modules\ext\jstl-impl.jar;C:\Program Files\NetBeans-13\netbeans\enterprise\modules\ext\jstl-api.jar" />
    <property name="libs.testng.src" value="" />
    <property name="libs.spring-webmvc3.0.src" value="" />
    <property name="libs.restapi.classpath" value="C:\Program Files\NetBeans-13\netbeans\enterprise\modules\ext\jaxrs-2.1\jakarta.ws.rs-api-2.1.6.jar" />
    <property name="java.vendor.url.bug" value="http://bugreport.sun.com/bugreport/" />
    <property name="libs.jaxb.maven-pom" value="" />
    <property name="os.arch" value="amd64" />
    <property name="libs.eclipselink.src" value="" />
    <property name="user.name" value="Lidia Parral" />
    <property name="libs.jsf12.javadoc" value="C:\Program Files\NetBeans-13\netbeans\enterprise\docs\javaee-doc-api.jar" />
    <property name="copylibs.rebase" value="true" />
    <property name="libs.spring-webmvc5.0.javadoc" value="" />
    <property name="libs.spring-framework500.classpath" value="C:\Program Files\NetBeans-13\netbeans\platform\modules\org-apache-commons-logging.jar;C:\Program Files\NetBeans-13\netbeans\java\modules\ext\cglib-2.2.jar;C:\Program Files\NetBeans-13\netbeans\java\modules\ext\spring-5\spring-aop-5.2.9.RELEASE.jar;C:\Program Files\NetBeans-13\netbeans\java\modules\ext\spring-5\spring-aspects-5.2.9.RELEASE.jar;C:\Program Files\NetBeans-13\netbeans\java\modules\ext\spring-5\spring-beans-5.2.9.RELEASE.jar;C:\Program Files\NetBeans-13\netbeans\java\modules\ext\spring-5\spring-context-5.2.9.RELEASE.jar;C:\Program Files\NetBeans-13\netbeans\java\modules\ext\spring-5\spring-context-indexer-5.2.9.RELEASE.jar;C:\Program Files\NetBeans-13\netbeans\java\modules\ext\spring-5\spring-context-support-5.2.9.RELEASE.jar;C:\Program Files\NetBeans-13\netbeans\java\modules\ext\spring-5\spring-core-5.2.9.RELEASE.jar;C:\Program Files\NetBeans-13\netbeans\java\modules\ext\spring-5\spring-expression-5.2.9.RELEASE.jar;C:\Program Files\NetBeans-13\netbeans\java\modules\ext\spring-5\spring-instrument-5.2.9.RELEASE.jar;C:\Program Files\NetBeans-13\netbeans\java\modules\ext\spring-5\spring-jcl-5.2.9.RELEASE.jar;C:\Program Files\NetBeans-13\netbeans\java\modules\ext\spring-5\spring-jdbc-5.2.9.RELEASE.jar;C:\Program Files\NetBeans-13\netbeans\java\modules\ext\spring-5\spring-jms-5.2.9.RELEASE.jar;C:\Program Files\NetBeans-13\netbeans\java\modules\ext\spring-5\spring-messaging-5.2.9.RELEASE.jar;C:\Program Files\NetBeans-13\netbeans\java\modules\ext\spring-5\spring-orm-5.2.9.RELEASE.jar;C:\Program Files\NetBeans-13\netbeans\java\modules\ext\spring-5\spring-oxm-5.2.9.RELEASE.jar;C:\Program Files\NetBeans-13\netbeans\java\modules\ext\spring-5\spring-test-5.2.9.RELEASE.jar;C:\Program Files\NetBeans-13\netbeans\java\modules\ext\spring-5\spring-tx-5.2.9.RELEASE.jar;C:\Program Files\NetBeans-13\netbeans\java\modules\ext\spring-5\spring-web-5.2.9.RELEASE.jar;C:\Program Files\NetBeans-13\netbeans\java\modules\ext\spring-5\spring-webflux-5.2.9.RELEASE.jar;C:\Program Files\NetBeans-13\netbeans\java\modules\ext\spring-5\spring-webmvc-5.2.9.RELEASE.jar;C:\Program Files\NetBeans-13\netbeans\java\modules\ext\spring-5\spring-websocket-5.2.9.RELEASE.jar" />
    <property name="libs.JavaHelp.classpath" value="G:\SEAS\DiseñoyDesarrolloDeInterface\WorkingTime\dist\lib\javahelp-2.0.02.jar" />
    <property name="libs.spring-webmvc3.0.maven-pom" value="" />
    <property name="sun.java.command" value="org.apache.tools.ant.taskdefs.optional.junit.JUnitTestRunner workingtime.views.Employee.AllEmpScreenTest skipNonTests=false filtertrace=true haltOnError=false haltOnFailure=false showoutput=true outputtoformatters=true logfailedtests=true threadid=0 logtestlistenerevents=true formatter=org.apache.tools.ant.taskdefs.optional.junit.BriefJUnitResultFormatter formatter=org.apache.tools.ant.taskdefs.optional.junit.XMLJUnitResultFormatter,G:\SEAS\DiseñoyDesarrolloDeInterface\ProyectoFinal\WorkingTime\build\test\results\TEST-workingtime.views.Employee.AllEmpScreenTest.xml crashfile=G:\SEAS\DiseñoyDesarrolloDeInterface\ProyectoFinal\WorkingTime\build\junitvmwatcher4536336843996204900.properties propsfile=G:\SEAS\DiseñoyDesarrolloDeInterface\ProyectoFinal\WorkingTime\build\junit8294823785090133020.properties" />
    <property name="build.classes.dir" value="build/classes" />
    <property name="build.sysclasspath" value="ignore" />
    <property name="manifest.encoding" value="UTF-8" />
    <property name="ap.supported.internal" value="true" />
    <property name="java.failonerror" value="true" />
    <property name="libs.javaee-api-8.0.maven-pom" value="" />
    <property name="run.modulepath" value="" />
    <property name="libs.javaee-endorsed-api-7.0.javadoc" value="C:\Program Files\NetBeans-13\netbeans\enterprise\docs\javaee-doc-api.jar" />
    <property name="libs.jaxws21.javadoc" value="C:\Program Files\NetBeans-13\netbeans\java\docs\jaxws-api-doc.zip" />
    <property name="libs.spring-webmvc4.0.javadoc" value="" />
    <property name="includes" value="**" />
    <property name="user.country" value="ES" />
    <property name="manifest.file" value="manifest.mf" />
    <property name="javadoc.encoding" value="UTF-8" />
    <property name="javac.classpath" value="C:\Users\parra\Downloads\jcalendar-1.4.jar\jcalendar-1.4.jar:C:\Users\parra\Downloads\mysql-connector-java-5.1.12\mysql-connector-java-5.1.12\mysql-connector-java-5.1.12-bin.jar:C:\Users\parra\Downloads\Libreria Poi\poi-3.9.jar:C:\Users\parra\Downloads\javax.mail.jar" />
    <property name="libs.jsp-compilation-syscp.src" value="" />
    <property name="ant.file.type.WorkingTime" value="file" />
    <property name="libs.spring-framework400.classpath" value="C:\Program Files\NetBeans-13\netbeans\platform\modules\org-apache-commons-logging.jar;C:\Program Files\NetBeans-13\netbeans\java\modules\ext\cglib-2.2.jar;C:\Program Files\NetBeans-13\netbeans\java\modules\ext\spring-4\spring-aop-4.3.29.RELEASE.jar;C:\Program Files\NetBeans-13\netbeans\java\modules\ext\spring-4\spring-aspects-4.3.29.RELEASE.jar;C:\Program Files\NetBeans-13\netbeans\java\modules\ext\spring-4\spring-beans-4.3.29.RELEASE.jar;C:\Program Files\NetBeans-13\netbeans\java\modules\ext\spring-4\spring-context-4.3.29.RELEASE.jar;C:\Program Files\NetBeans-13\netbeans\java\modules\ext\spring-4\spring-context-support-4.3.29.RELEASE.jar;C:\Program Files\NetBeans-13\netbeans\java\modules\ext\spring-4\spring-core-4.3.29.RELEASE.jar;C:\Program Files\NetBeans-13\netbeans\java\modules\ext\spring-4\spring-expression-4.3.29.RELEASE.jar;C:\Program Files\NetBeans-13\netbeans\java\modules\ext\spring-4\spring-instrument-4.3.29.RELEASE.jar;C:\Program Files\NetBeans-13\netbeans\java\modules\ext\spring-4\spring-instrument-tomcat-4.3.29.RELEASE.jar;C:\Program Files\NetBeans-13\netbeans\java\modules\ext\spring-4\spring-jdbc-4.3.29.RELEASE.jar;C:\Program Files\NetBeans-13\netbeans\java\modules\ext\spring-4\spring-jms-4.3.29.RELEASE.jar;C:\Program Files\NetBeans-13\netbeans\java\modules\ext\spring-4\spring-messaging-4.3.29.RELEASE.jar;C:\Program Files\NetBeans-13\netbeans\java\modules\ext\spring-4\spring-orm-4.3.29.RELEASE.jar;C:\Program Files\NetBeans-13\netbeans\java\modules\ext\spring-4\spring-oxm-4.3.29.RELEASE.jar;C:\Program Files\NetBeans-13\netbeans\java\modules\ext\spring-4\spring-test-4.3.29.RELEASE.jar;C:\Program Files\NetBeans-13\netbeans\java\modules\ext\spring-4\spring-tx-4.3.29.RELEASE.jar;C:\Program Files\NetBeans-13\netbeans\java\modules\ext\spring-4\spring-web-4.3.29.RELEASE.jar;C:\Program Files\NetBeans-13\netbeans\java\modules\ext\spring-4\spring-webmvc-4.3.29.RELEASE.jar;C:\Program Files\NetBeans-13\netbeans\java\modules\ext\spring-4\spring-webmvc-portlet-4.3.29.RELEASE.jar;C:\Program Files\NetBeans-13\netbeans\java\modules\ext\spring-4\spring-websocket-4.3.29.RELEASE.jar" />
    <property name="debug-transport" value="dt_shmem" />
    <property name="netbeans.home" value="C:\Program Files\NetBeans-13\netbeans\platform" />
    <property name="build.compiler.emacs" value="true" />
    <property name="libs.javaee-web-api-6.0.src" value="" />
    <property name="libs.jsp-compilation-syscp.classpath" value="C:\Program Files\NetBeans-13\netbeans\extide\ant\lib\ant.jar;C:\Program Files\NetBeans-13\netbeans\enterprise\modules\ext\servlet3.1-jsp2.3-api.jar;C:\Program Files\NetBeans-13\netbeans\enterprise\modules\ext\glassfish-jspparser-4.0.jar;C:\Program Files\NetBeans-13\netbeans\enterprise\modules\ext\jstl-impl.jar;C:\Program Files\NetBeans-13\netbeans\enterprise\modules\ext\jsf-2_2\javax.faces.jar" />
    <property name="javac.modulepath" value="" />
    <property name="java.endorsed.dirs" value="C:\Program Files\Java\jdk1.8.0_271\jre\lib\endorsed" />
    <property name="libs.groovy-all.src" value="" />
    <property name="libs.junit_5.src" value="C:\Program Files\NetBeans-13\netbeans\platform\docs\junit-jupiter-api-5.6.0-sources.jar;C:\Program Files\NetBeans-13\netbeans\platform\docs\junit-jupiter-params-5.6.0-sources.jar;C:\Program Files\NetBeans-13\netbeans\platform\docs\junit-jupiter-engine-5.6.0-sources.jar" />
    <property name="libs.jakartaee-api-8.0.classpath" value="C:\Program Files\NetBeans-13\netbeans\enterprise\modules\ext\jakarta.jakartaee-api-8.0.0.jar" />
    <property name="netbeans.dynamic.classpath" value="C:\Program Files\NetBeans-13\netbeans\platform\core\asm-9.2.jar;C:\Program Files\NetBeans-13\netbeans\platform\core\asm-commons-9.2.jar;C:\Program Files\NetBeans-13\netbeans\platform\core\asm-tree-9.2.jar;C:\Program Files\NetBeans-13\netbeans\platform\core\core-base.jar;C:\Program Files\NetBeans-13\netbeans\platform\core\core.jar;C:\Program Files\NetBeans-13\netbeans\platform\core\org-netbeans-libs-asm.jar;C:\Program Files\NetBeans-13\netbeans\platform\core\org-openide-filesystems-compat8.jar;C:\Program Files\NetBeans-13\netbeans\platform\core\org-openide-filesystems.jar;C:\Program Files\NetBeans-13\netbeans\nb\core\org-netbeans-upgrader.jar;C:\Program Files\NetBeans-13\netbeans\nb\core\locale\core_nb.jar" />
    <property name="java.vm.specification.version" value="1.8" />
    <property name="plugin.manager.check.updates" value="false" />
    <property name="libs.primefaces.classpath" value="C:\Program Files\NetBeans-13\netbeans\enterprise\modules\ext\primefaces\primefaces-5.0.jar" />
    <property name="libs.javaee-api-6.0.classpath" value="C:\Program Files\NetBeans-13\netbeans\enterprise\modules\ext\javaee-api-6.0.jar" />
    <property name="libs.groovy-all.maven-pom" value="" />
    <property name="netbeans.productversion" value="Apache NetBeans IDE 13" />
    <property name="libs.jaxws21.src" value="" />
    <property name="application.title" value="WorkingTime" />
    <property name="do.archive" value="true" />
    <property name="libs.spring-webmvc5.0.classpath" value="C:\Program Files\NetBeans-13\netbeans\java\modules\ext\spring-5\spring-webmvc-5.2.9.RELEASE.jar" />
    <property name="netbeans.autoupdate.language" value="es" />
    <property name="java.vendor" value="Oracle Corporation" />
    <property name="libs.javaee-api-6.0.javadoc" value="C:\Program Files\NetBeans-13\netbeans\enterprise\docs\javaee-doc-api.jar" />
    <property name="jar.index.metainf" value="false" />
    <property name="javac.debug" value="true" />
    <property name="javadoc.splitindex" value="true" />
    <property name="file.separator" value="\" />
    <property name="libs.junit_4.maven-pom" value="" />
    <property name="mkdist.disabled" value="false" />
    <property name="javac.test.processorpath" value="C:\Users\parra\Downloads\jcalendar-1.4.jar\jcalendar-1.4.jar:C:\Users\parra\Downloads\mysql-connector-java-5.1.12\mysql-connector-java-5.1.12\mysql-connector-java-5.1.12-bin.jar:C:\Users\parra\Downloads\Libreria Poi\poi-3.9.jar:C:\Users\parra\Downloads\javax.mail.jar:build/classes:C:\Program Files\NetBeans-13\netbeans\platform\modules\ext\junit-4.13.2.jar:C:\Program Files\NetBeans-13\netbeans\platform\modules\ext\hamcrest-core-1.3.jar" />
    <property name="netbeans.buildnumber" value="13-00d6d969bf4d9b14e7406c9ee9cc13a61dc39655" />
    <property name="libs.JWSAntTasks.javadoc" value="" />
    <property name="build.generated.sources.dir" value="build/generated-sources" />
    <property name="user.variant" value="" />
    <property name="libs.eclipselinkmodelgen.classpath" value="C:\Program Files\NetBeans-13\netbeans\java\modules\ext\eclipselink\org.eclipse.persistence.jpa.modelgen.processor-2.7.9.jar" />
    <property name="libs.javaee-endorsed-api-7.0.src" value="" />
    <property name="sun.java.launcher" value="SUN_STANDARD" />
    <property name="libs.jaxb.javadoc" value="C:\Program Files\NetBeans-13\netbeans\ide\docs\jaxb-api-doc.jar" />
    <property name="libs.struts.classpath" value="C:\Program Files\NetBeans-13\netbeans\enterprise\modules\ext\struts\antlr-2.7.2.jar;C:\Program Files\NetBeans-13\netbeans\enterprise\modules\ext\struts\bsf-2.3.0.jar;C:\Program Files\NetBeans-13\netbeans\enterprise\modules\ext\struts\commons-beanutils-1.8.0.jar;C:\Program Files\NetBeans-13\netbeans\enterprise\modules\ext\struts\commons-chain-1.2.jar;C:\Program Files\NetBeans-13\netbeans\enterprise\modules\ext\struts\commons-digester-1.8.jar;C:\Program Files\NetBeans-13\netbeans\enterprise\modules\ext\struts\commons-fileupload-1.1.1.jar;C:\Program Files\NetBeans-13\netbeans\enterprise\modules\ext\struts\commons-io-1.1.jar;C:\Program Files\NetBeans-13\netbeans\enterprise\modules\ext\struts\commons-logging-1.0.4.jar;C:\Program Files\NetBeans-13\netbeans\enterprise\modules\ext\struts\commons-validator-1.3.1.jar;C:\Program Files\NetBeans-13\netbeans\enterprise\modules\ext\struts\jstl-1.0.2.jar;C:\Program Files\NetBeans-13\netbeans\enterprise\modules\ext\struts\oro-2.0.8.jar;C:\Program Files\NetBeans-13\netbeans\enterprise\modules\ext\struts\standard-1.0.6.jar;C:\Program Files\NetBeans-13\netbeans\enterprise\modules\ext\struts\struts-core-1.3.10.jar;C:\Program Files\NetBeans-13\netbeans\enterprise\modules\ext\struts\struts-el-1.3.10.jar;C:\Program Files\NetBeans-13\netbeans\enterprise\modules\ext\struts\struts-extras-1.3.10.jar;C:\Program Files\NetBeans-13\netbeans\enterprise\modules\ext\struts\struts-faces-1.3.10.jar;C:\Program Files\NetBeans-13\netbeans\enterprise\modules\ext\struts\struts-mailreader-dao-1.3.10.jar;C:\Program Files\NetBeans-13\netbeans\enterprise\modules\ext\struts\struts-scripting-1.3.10.jar;C:\Program Files\NetBeans-13\netbeans\enterprise\modules\ext\struts\struts-taglib-1.3.10.jar;C:\Program Files\NetBeans-13\netbeans\enterprise\modules\ext\struts\struts-tiles-1.3.10.jar" />
    <property name="ant.home" value="C:\Program Files\NetBeans-13\netbeans\extide\ant" />
    <property name="libs.junit_4.src" value="C:\Program Files\NetBeans-13\netbeans\platform\docs\junit-4.13.2-sources.jar" />
    <property name="libs.testng.classpath" value="C:\Program Files\NetBeans-13\netbeans\platform\modules\ext\testng-6.14.3.jar;C:\Program Files\NetBeans-13\netbeans\platform\modules\ext\jcommander-1.78.jar" />
    <property name="libs.absolutelayout.maven-pom" value="" />
    <property name="ant.java.version" value="1.8" />
    <property name="java.library.path" value="C:\Program Files\Java\jdk1.8.0_271\jre\bin;C:\WINDOWS\Sun\Java\bin;C:\WINDOWS\system32;C:\WINDOWS;C:\Program Files\Microsoft\jdk-11.0.12.7-hotspot\bin;C:\Python310\Scripts\;C:\Python310\;C:\Python34\;C:\Python34\Scripts;C:\Users\Default\AppData\Scripts\;C:\Users\Default\AppData\;C:\Program Files (x86)\VMware\VMware Player\bin\;C:\Program Files (x86)\Intel\iCLS Client\;C:\Program Files\Intel\iCLS Client\;C:\Windows\system32;C:\Windows;C:\Windows\System32\Wbem;C:\Windows\System32\WindowsPowerShell\v1.0\;C:\Windows\System32\OpenSSH\;C:\Program Files (x86)\Intel\Intel(R) Management Engine Components\DAL;C:\Program Files\Intel\Intel(R) Management Engine Components\DAL;C:\Program Files (x86)\Intel\Intel(R) Management Engine Components\IPT;C:\Program Files\Intel\Intel(R) Management Engine Components\IPT;C:\Program Files (x86)\NVIDIA Corporation\PhysX\Common;C:\Program Files\NVIDIA Corporation\NVIDIA NvDLISR;C:\WINDOWS\system32;C:\WINDOWS;C:\WINDOWS\System32\Wbem;C:\WINDOWS\System32\WindowsPowerShell\v1.0\;C:\WINDOWS\System32\OpenSSH\;C:\Program Files\Git\cmd;C:\Program Files\Microsoft SQL Server\150\Tools\Binn\;C:\Program Files\dotnet\;C:\ProgramData\chocolatey\bin;C:\Program Files\nodejs\;C:\Program Files\Microsoft SQL Server\130\Tools\Binn\;C:\Program Files\Microsoft SQL Server\Client SDK\ODBC\170\Tools\Binn\;C:\Program Files (x86)\Microsoft SQL Server\150\Tools\Binn\;C:\Program Files\Microsoft SQL Server\150\DTS\Binn\;C:\Program Files (x86)\Microsoft SQL Server\150\DTS\Binn\;C:\Program Files\Azure Data Studio\bin;C:\Program Files\MySQL\MySQL Shell 8.0\bin\;C:\Users\parra\AppData\Local\Programs\Python\Python39\Scripts\;C:\Users\parra\AppData\Local\Programs\Python\Python39\;C:\Program Files\Phyton_3.9.0\Scripts\;C:\Program Files\Phyton_3.9.0\;C:\Users\parra\AppData\Local\Programs\Python\Python37\Scripts\;C:\Users\parra\AppData\Local\Programs\Python\Python37\;&quot;C:\Program Files (x86)\Common Files\Oracle\Java\javapath;C:\Program Files\Java\jdk1.8.0_271\bin&quot;;C:\Users\parra\AppData\Local\Programs\Microsoft VS Code\bin;G:\PyCharm Community Edition 2020.3.3\bin;;C:\Users\parra\AppData\Local\Microsoft\WindowsApps;C:\Users\parra\AppData\Local\GitHubDesktop\bin;C:\Users\parra\.dotnet\tools;C:\Users\parra\AppData\Roaming\npm;C:\Program Files\Azure Data Studio\bin;." />
    <property name="javadoc.author" value="false" />
    <property name="libs.metro.maven-pom" value="" />
    <property name="java.util.logging.config.class" value="org.netbeans.core.startup.TopLogging" />
    <property name="libs.spring-framework400.src" value="" />
    <property name="libs.PostgreSQLDriver.src" value="" />
    <property name="libs.graaljs.javadoc" value="" />
    <property name="libs.jakartaee-web-api-9.0.maven-pom" value="" />
    <property name="libs.spring-framework500.javadoc" value="" />
    <property name="libs.graaljs.src" value="" />
    <property name="sun.arch.data.model" value="64" />
    <property name="basedir" value="G:\SEAS\DiseñoyDesarrolloDeInterface\ProyectoFinal\WorkingTime" />
    <property name="libs.jpa20-persistence.maven-pom" value="" />
    <property name="jar.compress" value="false" />
    <property name="libs.javaee-web-api-7.0.classpath" value="C:\Program Files\NetBeans-13\netbeans\enterprise\modules\ext\javaee-web-api-7.0.jar" />
    <property name="path.separator" value=";" />
    <property name="libs.javaee-web-api-6.0.javadoc" value="C:\Program Files\NetBeans-13\netbeans\enterprise\docs\javaee-doc-api.jar" />
    <property name="ant.junit.enabletestlistenerevents" value="true" />
    <property name="sun.io.unicode.encoding" value="UnicodeLittle" />
    <property name="libs.jaxws21.classpath" value="C:\Program Files\NetBeans-13\netbeans\ide\modules\ext\jaxb\jaxb-impl.jar;C:\Program Files\NetBeans-13\netbeans\ide\modules\ext\jaxb\jaxb-xjc.jar;C:\Program Files\NetBeans-13\netbeans\java\modules\ext\jaxws22\FastInfoset.jar;C:\Program Files\NetBeans-13\netbeans\java\modules\ext\jaxws22\gmbal-api-only.jar;C:\Program Files\NetBeans-13\netbeans\java\modules\ext\jaxws22\ha-api.jar;C:\Program Files\NetBeans-13\netbeans\java\modules\ext\jaxws22\javax.mail_1.4.jar;C:\Program Files\NetBeans-13\netbeans\java\modules\ext\jaxws22\jaxws-rt.jar;C:\Program Files\NetBeans-13\netbeans\java\modules\ext\jaxws22\jaxws-tools.jar;C:\Program Files\NetBeans-13\netbeans\java\modules\ext\jaxws22\management-api.jar;C:\Program Files\NetBeans-13\netbeans\java\modules\ext\jaxws22\mimepull.jar;C:\Program Files\NetBeans-13\netbeans\java\modules\ext\jaxws22\policy.jar;C:\Program Files\NetBeans-13\netbeans\java\modules\ext\jaxws22\saaj-impl.jar;C:\Program Files\NetBeans-13\netbeans\java\modules\ext\jaxws22\stax-ex.jar;C:\Program Files\NetBeans-13\netbeans\java\modules\ext\jaxws22\stax2-api.jar;C:\Program Files\NetBeans-13\netbeans\java\modules\ext\jaxws22\streambuffer.jar;C:\Program Files\NetBeans-13\netbeans\java\modules\ext\jaxws22\woodstox-core-asl.jar;C:\Program Files\NetBeans-13\netbeans\java\modules\ext\jaxws22\api\jaxws-api.jar;C:\Program Files\NetBeans-13\netbeans\java\modules\ext\jaxws22\api\jsr181-api.jar;C:\Program Files\NetBeans-13\netbeans\java\modules\ext\jaxws22\api\javax.annotation.jar;C:\Program Files\NetBeans-13\netbeans\java\modules\ext\jaxws22\api\saaj-api.jar;C:\Program Files\NetBeans-13\netbeans\ide\modules\ext\jaxb\activation.jar;C:\Program Files\NetBeans-13\netbeans\ide\modules\ext\jaxb\api\jaxb-api.jar" />
    <property name="dist.jlink.output" value="dist/jlink/WorkingTime" />
    <property name="libs.struts.src" value="" />
    <property name="compile.on.save" value="true" />
    <property name="apple.awt.graphics.UseQuartz" value="true" />
    <property name="user.language" value="es" />
    <property name="testng.mode" value="testng" />
    <property name="libs.JAXB-ENDORSED.maven-pom" value="" />
    <property name="libs.JavaHelp.javadoc" value="" />
    <property name="libs.eclipselink.maven-pom" value="" />
    <property name="org.netbeans.io.suspend" value="0" />
    <property name="application.vendor" value="Lidia Parral" />
    <property name="test.binaryincludes" value="&lt;nothing&gt;" />
    <property name="manifest.available" value="true" />
    <property name="libs.primefaces.javadoc" value="" />
    <property name="libs.spring-framework300.maven-pom" value="" />
    <property name="run.test.classpath" value="C:\Users\parra\Downloads\jcalendar-1.4.jar\jcalendar-1.4.jar:C:\Users\parra\Downloads\mysql-connector-java-5.1.12\mysql-connector-java-5.1.12\mysql-connector-java-5.1.12-bin.jar:C:\Users\parra\Downloads\Libreria Poi\poi-3.9.jar:C:\Users\parra\Downloads\javax.mail.jar:build/classes:C:\Program Files\NetBeans-13\netbeans\platform\modules\ext\junit-4.13.2.jar:C:\Program Files\NetBeans-13\netbeans\platform\modules\ext\hamcrest-core-1.3.jar:build/test/classes" />
    <property name="ant.project.invoked-targets" value="test" />
    <property name="test.binaryexcludes" value="" />
    <property name="sun.java2d.dpiaware" value="true" />
    <property name="libs.PostgreSQLDriver.maven-pom" value="" />
    <property name="java.class.version" value="52.0" />
    <property name="libs.javaee-endorsed-api-6.0.src" value="" />
    <property name="libs.eclipselink.javadoc" value="C:\Program Files\NetBeans-13\netbeans\java\modules\ext\docs\javax.persistence-2.2.1-doc.zip" />
    <property name="libs.jsp-compilation.maven-pom" value="" />
    <property name="user.properties.file" value="C:\Users\parra\AppData\Roaming\NetBeans\13\build.properties" />
    <property name="libs.ConnectorJ.src" value="" />
    <property name="runtime.encoding" value="UTF-8" />
    <property name="file.encoding.pkg" value="sun.io" />
    <property name="sun.cpu.endian" value="little" />
    <property name="libs.JAXB-ENDORSED.javadoc" value="" />
    <property name="libs.JWSAntTasks.classpath" value="C:\Program Files\NetBeans-13\netbeans\java\ant\extra\org-netbeans-modules-javawebstart-anttasks.jar" />
    <property name="libs.spring-webmvc4.0.maven-pom" value="" />
    <property name="libs.spring-framework300.src" value="" />
    <property name="libs.jstl.src" value="" />
    <property name="empty.dir" value="G:\SEAS\DiseñoyDesarrolloDeInterface\ProyectoFinal\WorkingTime\build\empty" />
    <property name="test.binarytestincludes" value="" />
    <property name="javadoc.preview" value="true" />
    <property name="libs.jpa20-persistence.javadoc" value="C:\Program Files\NetBeans-13\netbeans\java\modules\ext\docs\javax.persistence-2.2.1-doc.zip" />
    <property name="java.home" value="C:\Program Files\Java\jdk1.8.0_271\jre" />
    <property name="libs.jsp-compilation.src" value="" />
    <property name="libs.jakartaee-web-api-8.0.javadoc" value="C:\Program Files\NetBeans-13\netbeans\enterprise\docs\jakartaee8-doc-api.jar" />
    <property name="debug.test.classpath" value="C:\Users\parra\Downloads\jcalendar-1.4.jar\jcalendar-1.4.jar:C:\Users\parra\Downloads\mysql-connector-java-5.1.12\mysql-connector-java-5.1.12\mysql-connector-java-5.1.12-bin.jar:C:\Users\parra\Downloads\Libreria Poi\poi-3.9.jar:C:\Users\parra\Downloads\javax.mail.jar:build/classes:C:\Program Files\NetBeans-13\netbeans\platform\modules\ext\junit-4.13.2.jar:C:\Program Files\NetBeans-13\netbeans\platform\modules\ext\hamcrest-core-1.3.jar:build/test/classes" />
    <property name="libs.javaee-endorsed-api-6.0.classpath" value="C:\Program Files\NetBeans-13\netbeans\enterprise\modules\ext\javaee6-endorsed\javax.annotation.jar;C:\Program Files\NetBeans-13\netbeans\enterprise\modules\ext\javaee6-endorsed\jaxb-api-osgi.jar;C:\Program Files\NetBeans-13\netbeans\enterprise\modules\ext\javaee6-endorsed\webservices-api-osgi.jar" />
    <property name="libs.javaee-api-6.0.src" value="" />
    <property name="netbeans.importclass" value="org.netbeans.upgrade.AutoUpgrade" />
    <property name="ant.project.default-target" value="default" />
    <property name="annotation.processing.run.all.processors" value="true" />
    <property name="libs.PostgreSQLDriver.javadoc" value="" />
    <property name="libs.restlib.classpath" value="C:\Program Files\NetBeans-13\netbeans\enterprise\modules\ext\jersey2\jakarta.annotation-api-1.3.5.jar;C:\Program Files\NetBeans-13\netbeans\enterprise\modules\ext\jersey2\jakarta.persistence-api-2.2.3.jar;C:\Program Files\NetBeans-13\netbeans\enterprise\modules\ext\jersey2\jakarta.servlet-api-4.0.4.jar;C:\Program Files\NetBeans-13\netbeans\enterprise\modules\ext\jersey2\jakarta.validation-api-2.0.2.jar;C:\Program Files\NetBeans-13\netbeans\enterprise\modules\ext\jersey2\jakarta.xml.bind-api-2.3.3.jar;C:\Program Files\NetBeans-13\netbeans\enterprise\modules\ext\jersey2\jersey-client-2.34.jar;C:\Program Files\NetBeans-13\netbeans\enterprise\modules\ext\jersey2\jersey-common-2.34.jar;C:\Program Files\NetBeans-13\netbeans\enterprise\modules\ext\jersey2\jersey-server-2.34.jar;C:\Program Files\NetBeans-13\netbeans\enterprise\modules\ext\jersey2\jersey-entity-filtering-2.34.jar;C:\Program Files\NetBeans-13\netbeans\enterprise\modules\ext\jersey2\jersey-hk2-2.34.jar;C:\Program Files\NetBeans-13\netbeans\enterprise\modules\ext\jersey2\jersey-media-moxy-2.34.jar;C:\Program Files\NetBeans-13\netbeans\enterprise\modules\ext\jersey2\jersey-container-servlet-2.34.jar;C:\Program Files\NetBeans-13\netbeans\enterprise\modules\ext\jersey2\jersey-container-servlet-core-2.34.jar;C:\Program Files\NetBeans-13\netbeans\enterprise\modules\ext\jersey2\hk2-api-2.6.1.jar;C:\Program Files\NetBeans-13\netbeans\enterprise\modules\ext\jersey2\hk2-locator-2.6.1.jar;C:\Program Files\NetBeans-13\netbeans\enterprise\modules\ext\jersey2\hk2-utils-2.6.1.jar;C:\Program Files\NetBeans-13\netbeans\enterprise\modules\ext\jersey2\jakarta.inject-2.6.1.jar;C:\Program Files\NetBeans-13\netbeans\enterprise\modules\ext\jersey2\aopalliance-repackaged-2.6.1.jar;C:\Program Files\NetBeans-13\netbeans\enterprise\modules\ext\jersey2\osgi.core-8.0.0.jar;C:\Program Files\NetBeans-13\netbeans\enterprise\modules\ext\jersey2\osgi-resource-locator-1.0.3.jar;C:\Program Files\NetBeans-13\netbeans\java\modules\ext\eclipselink\org.eclipse.persistence.core-2.7.9.jar;C:\Program Files\NetBeans-13\netbeans\java\modules\ext\eclipselink\org.eclipse.persistence.asm-9.1.0.jar;C:\Program Files\NetBeans-13\netbeans\java\modules\ext\eclipselink\org.eclipse.persistence.antlr-2.7.9.jar;C:\Program Files\NetBeans-13\netbeans\java\modules\ext\eclipselink\org.eclipse.persistence.jpa-2.7.9.jar;C:\Program Files\NetBeans-13\netbeans\java\modules\ext\eclipselink\org.eclipse.persistence.jpa.jpql-2.7.9.jar;C:\Program Files\NetBeans-13\netbeans\java\modules\ext\eclipselink\org.eclipse.persistence.moxy-2.7.9.jar" />
    <property name="netbeans.extbrowser.manual_chrome_plugin_install" value="yes" />
    <property name="libs.jakartaee-api-9.0.classpath" value="C:\Program Files\NetBeans-13\netbeans\enterprise\modules\ext\jakarta.jakartaee-api-9.0.0.jar" />
    <property name="libs.junit_4.javadoc" value="C:\Program Files\NetBeans-13\netbeans\platform\docs\junit-4.13.2-javadoc.jar" />
    <property name="javac.test.modulepath" value="" />
    <property name="libs.javaee-web-api-6.0.maven-pom" value="" />
    <property name="run.classpath" value="C:\Users\parra\Downloads\jcalendar-1.4.jar\jcalendar-1.4.jar:C:\Users\parra\Downloads\mysql-connector-java-5.1.12\mysql-connector-java-5.1.12\mysql-connector-java-5.1.12-bin.jar:C:\Users\parra\Downloads\Libreria Poi\poi-3.9.jar:C:\Users\parra\Downloads\javax.mail.jar:build/classes" />
    <property name="jna.boot.library.name" value="jnidispatch-nb" />
    <property name="libs.javaee-endorsed-api-6.0.javadoc" value="C:\Program Files\NetBeans-13\netbeans\enterprise\docs\javaee-doc-api.jar" />
    <property name="libs.javaee-api-7.0.classpath" value="C:\Program Files\NetBeans-13\netbeans\enterprise\modules\ext\javaee-api-7.0.jar" />
    <property name="sun.awt.datatransfer.timeout" value="1000" />
    <property name="libs.jakartaee-api-9.0.src" value="" />
    <property name="libs.spring-webmvc3.0.javadoc" value="" />
    <property name="annotation.processing.enabled.in.editor" value="false" />
    <property name="nb.native.filechooser" value="false" />
    <property name="libs.restapi.src" value="" />
    <property name="sun.management.compiler" value="HotSpot 64-Bit Tiered Compilers" />
    <property name="javac.deprecation" value="false" />
    <property name="javadoc.use" value="true" />
    <property name="sun.java2d.noddraw" value="true" />
    <property name="libs.jsp-compiler.classpath" value="C:\Program Files\NetBeans-13\netbeans\enterprise\ant\extra\jspcompile.jar" />
    <property name="javac.processorpath" value="C:\Users\parra\Downloads\jcalendar-1.4.jar\jcalendar-1.4.jar:C:\Users\parra\Downloads\mysql-connector-java-5.1.12\mysql-connector-java-5.1.12\mysql-connector-java-5.1.12-bin.jar:C:\Users\parra\Downloads\Libreria Poi\poi-3.9.jar:C:\Users\parra\Downloads\javax.mail.jar" />
    <property name="libs.hamcrest.maven-pom" value="" />
    <property name="libs.junit_5.classpath" value="C:\Program Files\NetBeans-13\netbeans\platform\modules\ext\junit-jupiter-api-5.6.0.jar;C:\Program Files\NetBeans-13\netbeans\platform\modules\ext\junit-jupiter-params-5.6.0.jar;C:\Program Files\NetBeans-13\netbeans\platform\modules\ext\junit-jupiter-engine-5.6.0.jar" />
    <property name="libs.JavaHelp.src" value="" />
    <property name="javac.compilerargs" value="" />
    <property name="ant.file" value="G:\SEAS\DiseñoyDesarrolloDeInterface\ProyectoFinal\WorkingTime\build.xml" />
    <property name="libs.ConnectorJ.maven-pom" value="" />
    <property name="libs.jsf12.classpath" value="C:\Program Files\NetBeans-13\netbeans\enterprise\modules\ext\jsf-1_2\jsf-api.jar;C:\Program Files\NetBeans-13\netbeans\enterprise\modules\ext\jsf-1_2\jsf-impl.jar" />
    <property name="libs.jstl.maven-pom" value="" />
    <property name="libs.restapi.maven-pom" value="" />
    <property name="java.vm.specification.vendor" value="Oracle Corporation" />
    <property name="org.openide.major.version" value="IDE/1" />
    <property name="java.vm.name" value="Java HotSpot(TM) 64-Bit Server VM" />
    <property name="netbeans.user" value="C:\Users\parra\AppData\Roaming\NetBeans\13" />
    <property name="tests.failed" value="true" />
    <property name="javadoc.additionalparam" value="" />
    <property name="libs.JavaHelp.maven-pom" value="" />
    <property name="file.reference.javax.mail.jar" value="C:\Users\parra\Downloads\javax.mail.jar" />
    <property name="java.io.tmpdir" value="C:\Users\parra\AppData\Local\Temp\" />
    <property name="java.vendor.url" value="http://java.oracle.com/" />
    <property name="endorsed.classpath.cmd.line.arg" value="" />
    <property name="jna.loaded" value="true" />
    <property name="junit.available" value="true" />
    <property name="libs.javaee-web-api-8.0.classpath" value="C:\Program Files\NetBeans-13\netbeans\enterprise\modules\ext\javaee-web-api-8.0.jar" />
    <property name="do.jlink" value="false" />
    <property name="libs.jakartaee-api-9.0.javadoc" value="C:\Program Files\NetBeans-13\netbeans\enterprise\docs\jakartaee9-doc-api.jar" />
    <property name="libs.jsp-compiler.src" value="" />
    <property name="libs.jakartaee-web-api-9.0.classpath" value="C:\Program Files\NetBeans-13\netbeans\enterprise\modules\ext\jakarta.jakartaee-web-api-9.0.0.jar" />
    <property name="sun.boot.library.path" value="C:\Program Files\Java\jdk1.8.0_271\jre\bin" />
    <property name="have.sources" value="true" />
    <property name="libs.graaljs.classpath" value="C:\Program Files\NetBeans-13\netbeans\webcommon\modules\ext\js-20.3.0.jar;C:\Program Files\NetBeans-13\netbeans\webcommon\modules\ext\js-launcher-20.3.0.jar;C:\Program Files\NetBeans-13\netbeans\webcommon\modules\ext\regex-20.3.0.jar;C:\Program Files\NetBeans-13\netbeans\webcommon\modules\ext\icu4j-67.1.jar;C:\Program Files\NetBeans-13\netbeans\ide\modules\ext\graal-sdk-20.3.0.jar;C:\Program Files\NetBeans-13\netbeans\ide\modules\ext\launcher-common-20.3.0.jar;C:\Program Files\NetBeans-13\netbeans\ide\modules\ext\truffle-api-20.3.0.jar" />
    <property name="libs.hamcrest.javadoc" value="" />
    <property name="debug.classpath" value="C:\Users\parra\Downloads\jcalendar-1.4.jar\jcalendar-1.4.jar:C:\Users\parra\Downloads\mysql-connector-java-5.1.12\mysql-connector-java-5.1.12\mysql-connector-java-5.1.12-bin.jar:C:\Users\parra\Downloads\Libreria Poi\poi-3.9.jar:C:\Users\parra\Downloads\javax.mail.jar:build/classes" />
    <property name="javac.external.vm" value="true" />
    <property name="javadoc.private" value="true" />
    <property name="libs.jakartaee-api-8.0.src" value="" />
    <property name="test.src.dir" value="test" />
    <property name="libs.jakartaee-web-api-9.0.src" value="" />
    <property name="libs.jsf20.classpath" value="C:\Program Files\NetBeans-13\netbeans\enterprise\modules\ext\jsf-2_2\javax.faces.jar" />
    <property name="ap.processors.internal" value="" />
    <property name="dist.jlink.dir" value="dist/jlink" />
    <property name="libs.javaee-api-8.0.javadoc" value="C:\Program Files\NetBeans-13\netbeans\enterprise\docs\javaee-doc-api.jar" />
    <property name="meta.inf.dir" value="src/META-INF" />
    <property name="javadoc.encoding.used" value="UTF-8" />
    <property name="dist.jar" value="dist/WorkingTime.jar" />
    <property name="libs.spring-framework400.maven-pom" value="" />
    <property name="netbeans.automatic.build" value="true" />
    <property name="java.runtime.name" value="Java(TM) SE Runtime Environment" />
    <property name="debug.test.modulepath" value="" />
    <property name="ant.project.name" value="WorkingTime" />
    <property name="libs.spring-webmvc5.0.src" value="" />
    <property name="netbeans.hash.code" value="unique=NB_EXTIDE_JAVA_PHP_WEBCOMMON_WEBEE0ceb88bd0-bcdb-4ee3-a472-6cb9757e08f1_f6965657-9fd6-4714-a095-a93dd3cee442" />
    <property name="netbeans.default_userdir_root" value="C:\Users\parra\AppData\Roaming\NetBeans" />
    <property name="libs.jsp-compilation-syscp.maven-pom" value="" />
    <property name="sun.cpu.isalist" value="amd64" />
    <property name="libs.jakartaee-web-api-8.0.classpath" value="C:\Program Files\NetBeans-13\netbeans\enterprise\modules\ext\jakarta.jakartaee-web-api-8.0.0.jar" />
    <property name="libs.spring-framework400.javadoc" value="" />
    <property name="libs.CopyLibs.javadoc" value="" />
    <property name="libs.jakartaee-api-8.0.maven-pom" value="" />
    <property name="javadoc.html5" value="false" />
    <property name="org.openide.specification.version" value="6.2" />
    <property name="user.home" value="C:\Users\parra" />
    <property name="annotation.processing.processors.list" value="" />
    <property name="libs.primefaces.maven-pom" value="" />
    <property name="libs.javaee-api-6.0.maven-pom" value="" />
    <property name="libs.JWSAntTasks.src" value="" />
    <property name="jar.index" value="false" />
    <property name="libs.CopyLibs.maven-pom" value="" />
    <property name="libs.spring-framework300.javadoc" value="" />
    <property name="libs.absolutelayout.javadoc" value="" />
    <property name="java.specification.name" value="Java Platform API Specification" />
    <property name="jlink.strip" value="false" />
    <property name="libs.spring-webmvc5.0.maven-pom" value="" />
    <property name="do.archive+main.class.available" value="true" />
    <property name="java.specification.vendor" value="Oracle Corporation" />
    <property name="java.version" value="1.8.0_271" />
    <property name="javadoc.version" value="false" />
    <property name="run.jvmargs.ide" value="" />
    <property name="javac.processormodulepath" value="" />
    <property name="org.openide.version" value="deprecated" />
    <property name="source.encoding" value="UTF-8" />
    <property name="platform.java" value="C:\Program Files\Java\jdk1.8.0_271\jre/bin/java" />
    <property name="ap.cmd.line.internal" value="" />
    <property name="libs.eclipselinkmodelgen.maven-pom" value="" />
    <property name="libs.jsp-compilation-syscp.javadoc" value="" />
    <property name="libs.javaee-web-api-8.0.src" value="" />
    <property name="libs.javaee-endorsed-api-7.0.classpath" value="C:\Program Files\NetBeans-13\netbeans\enterprise\modules\ext\javaee7-endorsed\javax.annotation-api.jar;C:\Program Files\NetBeans-13\netbeans\enterprise\modules\ext\javaee7-endorsed\javax.xml.soap-api.jar;C:\Program Files\NetBeans-13\netbeans\enterprise\modules\ext\javaee7-endorsed\jaxb-api-osgi.jar;C:\Program Files\NetBeans-13\netbeans\enterprise\modules\ext\javaee7-endorsed\jaxws-api.jar;C:\Program Files\NetBeans-13\netbeans\enterprise\modules\ext\javaee7-endorsed\jsr181-api.jar" />
    <property name="libs.eclipselinkmodelgen.javadoc" value="" />
    <property name="libs.metro.javadoc" value="C:\Program Files\NetBeans-13\netbeans\enterprise\docs\webservices-api-javadoc.jar;C:\Program Files\NetBeans-13\netbeans\enterprise\docs\webservices-extra-javadoc.jar;C:\Program Files\NetBeans-13\netbeans\enterprise\docs\webservices-extra-api-javadoc.jar;C:\Program Files\NetBeans-13\netbeans\enterprise\docs\webservices-rt-javadoc.jar;C:\Program Files\NetBeans-13\netbeans\enterprise\docs\webservices-tools-javadoc.jar" />
    <property name="libs.struts.maven-pom" value="" />
    <property name="ant.file.WorkingTime" value="G:\SEAS\DiseñoyDesarrolloDeInterface\ProyectoFinal\WorkingTime\build.xml" />
    <property name="jnidispatch.path" value="C:\Users\parra\AppData\Local\Temp\jna-511028605\jna3871719447580304154.dll" />
    <property name="netbeans.home+have.tests" value="true" />
    <property name="ant.file.type.WorkingTime-impl" value="file" />
    <property name="annotation.processing.processor.options" value="" />
    <property name="libs.testng.maven-pom" value="" />
    <property name="libs.jaxb.src" value="" />
    <property name="work.dir" value="G:\SEAS\DiseñoyDesarrolloDeInterface\ProyectoFinal\WorkingTime" />
    <property name="libs.jaxb.classpath" value="C:\Program Files\NetBeans-13\netbeans\ide\modules\ext\jaxb\jaxb-impl.jar;C:\Program Files\NetBeans-13\netbeans\ide\modules\ext\jaxb\jaxb-xjc.jar;C:\Program Files\NetBeans-13\netbeans\ide\modules\ext\jaxb\activation.jar;C:\Program Files\NetBeans-13\netbeans\ide\modules\ext\jaxb\api\jaxb-api.jar" />
    <property name="php.global.include.path" value="" />
    <property name="do.depend" value="false" />
    <property name="dist.javadoc.dir" value="dist/javadoc" />
    <property name="libs.spring-webmvc3.0.classpath" value="C:\Program Files\NetBeans-13\netbeans\java\modules\ext\spring-3.0\spring-webmvc-3.2.18.RELEASE.jar" />
    <property name="libs.javaee-web-api-7.0.maven-pom" value="" />
    <property name="libs.restlib.src" value="" />
    <property name="javac.source" value="1.8" />
    <property name="build.generated.dir" value="build/generated" />
    <property name="line.separator" value="&#xd;&#xa;" />
    <property name="libs.javaee-api-8.0.classpath" value="C:\Program Files\NetBeans-13\netbeans\enterprise\modules\ext\javaee-api-8.0.jar" />
    <property name="java.specification.version" value="1.8" />
    <property name="java.vm.info" value="mixed mode" />
    <property name="libs.jaxws21.maven-pom" value="" />
    <property name="nb.junit.batch" value="true" />
    <property name="libs.ConnectorJ.javadoc" value="" />
    <property name="junit.forkmode" value="perTest" />
    <property name="sun.boot.class.path" value="C:\Program Files\Java\jdk1.8.0_271\jre\lib\resources.jar;C:\Program Files\Java\jdk1.8.0_271\jre\lib\rt.jar;C:\Program Files\Java\jdk1.8.0_271\jre\lib\sunrsasign.jar;C:\Program Files\Java\jdk1.8.0_271\jre\lib\jsse.jar;C:\Program Files\Java\jdk1.8.0_271\jre\lib\jce.jar;C:\Program Files\Java\jdk1.8.0_271\jre\lib\charsets.jar;C:\Program Files\Java\jdk1.8.0_271\jre\lib\jfr.jar;C:\Program Files\Java\jdk1.8.0_271\jre\classes" />
    <property name="javac.target" value="1.8" />
    <property name="built-jar.properties" value="G:\SEAS\DiseñoyDesarrolloDeInterface\ProyectoFinal\WorkingTime\build\built-jar.properties" />
    <property name="build.test.classes.dir" value="build/test/classes" />
    <property name="src.dir" value="src" />
    <property name="javac.test.compilerargs" value="" />
    <property name="sun.awt.keepWorkingSetOnMinimize" value="true" />
    <property name="annotation.processing.enabled" value="true" />
    <property name="libs.jsf20.src" value="" />
    <property name="libs.jpa20-persistence.src" value="" />
    <property name="libs.jsf12.src" value="" />
    <property name="libs.struts.javadoc" value="C:\Program Files\NetBeans-13\netbeans\enterprise\docs\struts-1.3.10-javadoc.zip" />
    <property name="ignore.failing.tests" value="true" />
    <property name="libs.javaee-web-api-7.0.src" value="" />
    <property name="libs.primefaces.src" value="" />
    <property name="dist.dir" value="dist" />
    <property name="libs.groovy-all.javadoc" value="" />
    <property name="jlink.launcher" value="true" />
    <property name="testng.debug.mode" value="" />
    <property name="libs.groovy-all.classpath" value="C:\Program Files\NetBeans-13\netbeans\groovy\modules\ext\groovy-3.0.8.jar;C:\Program Files\NetBeans-13\netbeans\groovy\modules\ext\groovy-ant-3.0.8.jar" />
    <property name="javac.fork" value="true" />
    <property name="jlink.additionalparam" value="" />
    <property name="java.awt.printerjob" value="sun.awt.windows.WPrinterJob" />
    <property name="default.javac.source" value="1.8" />
    <property name="debug-transport-by-os" value="dt_shmem" />
    <property name="sun.jnu.encoding" value="Cp1252" />
    <property name="run.test.jvmargs" value="" />
    <property name="build.test.results.dir" value="build/test/results" />
    <property name="java.runtime.version" value="1.8.0_271-b09" />
    <property name="default.javac.target" value="1.8" />
    <property name="libs.junit_4.classpath" value="C:\Program Files\NetBeans-13\netbeans\platform\modules\ext\junit-4.13.2.jar" />
    <property name="user.timezone" value="" />
    <property name="nb.junit.single" value="false" />
    <property name="do.jar" value="true" />
    <property name="libs.javaee-endorsed-api-6.0.maven-pom" value="" />
    <property name="netbeans.dirs" value="C:\Program Files\NetBeans-13\netbeans\nb;C:\Program Files\NetBeans-13\netbeans\ergonomics;C:\Program Files\NetBeans-13\netbeans\ide;C:\Program Files\NetBeans-13\netbeans\extide;C:\Program Files\NetBeans-13\netbeans\java;C:\Program Files\NetBeans-13\netbeans\apisupport;C:\Program Files\NetBeans-13\netbeans\webcommon;C:\Program Files\NetBeans-13\netbeans\websvccommon;C:\Program Files\NetBeans-13\netbeans\enterprise;C:\Program Files\NetBeans-13\netbeans\mobility;C:\Program Files\NetBeans-13\netbeans\profiler;C:\Program Files\NetBeans-13\netbeans\python;C:\Program Files\NetBeans-13\netbeans\php;C:\Program Files\NetBeans-13\netbeans\identity;C:\Program Files\NetBeans-13\netbeans\harness;C:\Program Files\NetBeans-13\netbeans\cnd;C:\Program Files\NetBeans-13\netbeans\cndext;C:\Program Files\NetBeans-13\netbeans\cpplite;C:\Program Files\NetBeans-13\netbeans\dlight;C:\Program Files\NetBeans-13\netbeans\groovy;C:\Program Files\NetBeans-13\netbeans\extra;C:\Program Files\NetBeans-13\netbeans\javacard;C:\Program Files\NetBeans-13\netbeans\javafx" />
    <property name="libs.spring-framework500.maven-pom" value="" />
    <property name="libs.jsf20.javadoc" value="C:\Program Files\NetBeans-13\netbeans\enterprise\docs\javaee-doc-api.jar" />
    <property name="libs.jstl.javadoc" value="C:\Program Files\NetBeans-13\netbeans\enterprise\docs\javaee-doc-api.jar" />
    <property name="java.ext.dirs" value="C:\Program Files\Java\jdk1.8.0_271\jre\lib\ext;C:\WINDOWS\Sun\Java\lib\ext" />
    <property name="libs.metro.src" value="" />
    <property name="endorsed.classpath" value="" />
    <property name="libs.absolutelayout.classpath" value="" />
    <property name="excludes" value="" />
    <property name="libs.metro.classpath" value="C:\Program Files\NetBeans-13\netbeans\ide\modules\ext\jaxb\activation.jar;C:\Program Files\NetBeans-13\netbeans\enterprise\modules\ext\metro\webservices-api.jar;C:\Program Files\NetBeans-13\netbeans\enterprise\modules\ext\metro\webservices-extra-api.jar;C:\Program Files\NetBeans-13\netbeans\enterprise\modules\ext\metro\webservices-extra.jar;C:\Program Files\NetBeans-13\netbeans\enterprise\modules\ext\metro\webservices-rt.jar;C:\Program Files\NetBeans-13\netbeans\enterprise\modules\ext\metro\webservices-tools.jar" />
    <property name="libs.restlib.maven-pom" value="" />
    <property name="apple.laf.useScreenMenuBar" value="true" />
    <property name="java.class.path" value="C:\Users\parra\Downloads\jcalendar-1.4.jar\jcalendar-1.4.jar;C:\Users\parra\Downloads\mysql-connector-java-5.1.12\mysql-connector-java-5.1.12\mysql-connector-java-5.1.12-bin.jar;C:\Users\parra\Downloads\Libreria Poi\poi-3.9.jar;C:\Users\parra\Downloads\javax.mail.jar;G:\SEAS\DiseñoyDesarrolloDeInterface\ProyectoFinal\WorkingTime\build\classes;C:\Program Files\NetBeans-13\netbeans\platform\modules\ext\junit-4.13.2.jar;C:\Program Files\NetBeans-13\netbeans\platform\modules\ext\hamcrest-core-1.3.jar;G:\SEAS\DiseñoyDesarrolloDeInterface\ProyectoFinal\WorkingTime\build\test\classes;C:\Program Files\NetBeans-13\netbeans\extide\ant\lib\ant-launcher.jar;C:\Program Files\NetBeans-13\netbeans\extide\ant\lib\ant.jar;C:\Program Files\NetBeans-13\netbeans\extide\ant\lib\ant-junit.jar;C:\Program Files\NetBeans-13\netbeans\extide\ant\lib\ant-junit4.jar" />
    <property name="libs.absolutelayout.src" value="" />
    <property name="libs.jakartaee-api-9.0.maven-pom" value="" />
    <property name="libs.jpa20-persistence.classpath" value="C:\Program Files\NetBeans-13\netbeans\java\modules\ext\eclipselink\javax.persistence-2.2.1.jar" />
    <property name="libs.junit_5.javadoc" value="C:\Program Files\NetBeans-13\netbeans\platform\docs\junit-jupiter-api-5.6.0-javadoc.jar;C:\Program Files\NetBeans-13\netbeans\platform\docs\junit-jupiter-params-5.6.0-javadoc.jar;C:\Program Files\NetBeans-13\netbeans\platform\docs\junit-jupiter-engine-5.6.0-javadoc.jar" />
    <property name="libs.spring-framework500.src" value="" />
    <property name="os.version" value="10.0" />
    <property name="application.args" value="" />
    <property name="libs.jakartaee-api-8.0.javadoc" value="C:\Program Files\NetBeans-13\netbeans\enterprise\docs\jakartaee8-doc-api.jar" />
    <property name="libs.javaee-api-7.0.maven-pom" value="" />
    <property name="main.class.available" value="true" />
    <property name="sun.awt.enableExtraMouseButtons" value="true" />
    <property name="sun.desktop" value="windows" />
    <property name="jlink.launcher.name" value="WorkingTime" />
    <property name="ant.file.WorkingTime-impl" value="G:\SEAS\DiseñoyDesarrolloDeInterface\ProyectoFinal\WorkingTime\nbproject\build-impl.xml" />
    <property name="libs.restlib.javadoc" value="" />
    <property name="libs.JAXB-ENDORSED.classpath" value="C:\Program Files\NetBeans-13\netbeans\ide\modules\ext\jaxb\api\jaxb-api.jar" />
    <property name="nb.internal.action.name" value="test" />
    <property name="run.test.modulepath" value="" />
    <property name="libs.javaee-api-7.0.javadoc" value="C:\Program Files\NetBeans-13\netbeans\enterprise\docs\javaee-doc-api.jar" />
    <property name="libs.eclipselink.classpath" value="C:\Program Files\NetBeans-13\netbeans\java\modules\ext\eclipselink\org.eclipse.persistence.core-2.7.9.jar;C:\Program Files\NetBeans-13\netbeans\java\modules\ext\eclipselink\org.eclipse.persistence.asm-9.1.0.jar;C:\Program Files\NetBeans-13\netbeans\java\modules\ext\eclipselink\org.eclipse.persistence.antlr-2.7.9.jar;C:\Program Files\NetBeans-13\netbeans\java\modules\ext\eclipselink\org.eclipse.persistence.jpa-2.7.9.jar;C:\Program Files\NetBeans-13\netbeans\java\modules\ext\eclipselink\org.eclipse.persistence.jpa.jpql-2.7.9.jar;C:\Program Files\NetBeans-13\netbeans\java\modules\ext\eclipselink\org.eclipse.persistence.moxy-2.7.9.jar;C:\Program Files\NetBeans-13\netbeans\java\modules\ext\eclipselink\javax.persistence-2.2.1.jar" />
    <property name="java.awt.graphicsenv" value="sun.awt.Win32GraphicsEnvironment" />
    <property name="java.vm.vendor" value="Oracle Corporation" />
    <property name="libs.CopyLibs.classpath" value="C:\Program Files\NetBeans-13\netbeans\java\ant\extra\org-netbeans-modules-java-j2seproject-copylibstask.jar" />
    <property name="libs.javaee-api-8.0.src" value="" />
    <property name="libs.spring-framework300.classpath" value="C:\Program Files\NetBeans-13\netbeans\platform\modules\org-apache-commons-logging.jar;C:\Program Files\NetBeans-13\netbeans\java\modules\ext\cglib-2.2.jar;C:\Program Files\NetBeans-13\netbeans\java\modules\ext\spring-3.0\spring-aop-3.2.18.RELEASE.jar;C:\Program Files\NetBeans-13\netbeans\java\modules\ext\spring-3.0\spring-aspects-3.2.18.RELEASE.jar;C:\Program Files\NetBeans-13\netbeans\java\modules\ext\spring-3.0\spring-beans-3.2.18.RELEASE.jar;C:\Program Files\NetBeans-13\netbeans\java\modules\ext\spring-3.0\spring-context-3.2.18.RELEASE.jar;C:\Program Files\NetBeans-13\netbeans\java\modules\ext\spring-3.0\spring-context-support-3.2.18.RELEASE.jar;C:\Program Files\NetBeans-13\netbeans\java\modules\ext\spring-3.0\spring-core-3.2.18.RELEASE.jar;C:\Program Files\NetBeans-13\netbeans\java\modules\ext\spring-3.0\spring-expression-3.2.18.RELEASE.jar;C:\Program Files\NetBeans-13\netbeans\java\modules\ext\spring-3.0\spring-instrument-3.2.18.RELEASE.jar;C:\Program Files\NetBeans-13\netbeans\java\modules\ext\spring-3.0\spring-instrument-tomcat-3.2.18.RELEASE.jar;C:\Program Files\NetBeans-13\netbeans\java\modules\ext\spring-3.0\spring-jdbc-3.2.18.RELEASE.jar;C:\Program Files\NetBeans-13\netbeans\java\modules\ext\spring-3.0\spring-jms-3.2.18.RELEASE.jar;C:\Program Files\NetBeans-13\netbeans\java\modules\ext\spring-3.0\spring-orm-3.2.18.RELEASE.jar;C:\Program Files\NetBeans-13\netbeans\java\modules\ext\spring-3.0\spring-oxm-3.2.18.RELEASE.jar;C:\Program Files\NetBeans-13\netbeans\java\modules\ext\spring-3.0\spring-struts-3.2.18.RELEASE.jar;C:\Program Files\NetBeans-13\netbeans\java\modules\ext\spring-3.0\spring-test-3.2.18.RELEASE.jar;C:\Program Files\NetBeans-13\netbeans\java\modules\ext\spring-3.0\spring-tx-3.2.18.RELEASE.jar;C:\Program Files\NetBeans-13\netbeans\java\modules\ext\spring-3.0\spring-web-3.2.18.RELEASE.jar;C:\Program Files\NetBeans-13\netbeans\java\modules\ext\spring-3.0\spring-webmvc-3.2.18.RELEASE.jar;C:\Program Files\NetBeans-13\netbeans\java\modules\ext\spring-3.0\spring-webmvc-portlet-3.2.18.RELEASE.jar" />
    <property name="libs.jsp-compiler.maven-pom" value="" />
    <property name="libs.junit_5.maven-pom" value="" />
    <property name="libs.hamcrest.src" value="" />
    <property name="run.jvmargs" value="" />
    <property name="libs.JAXB-ENDORSED.src" value="" />
    <property name="dist.archive.excludes" value="" />
    <property name="libs.testng.javadoc" value="C:\Program Files\NetBeans-13\netbeans\platform\docs\testng-6.13.1-javadoc.jar" />
    <property name="user.script" value="" />
    <property name="libs.PostgreSQLDriver.classpath" value="C:\Program Files\NetBeans-13\netbeans\ide\modules\ext\postgresql-42.2.16.jar" />
    <property name="libs.jsf12.maven-pom" value="" />
    <property name="annotation.processing.source.output" value="build/generated-sources/ap-source-output" />
    <property name="main.class" value="workingtime.WorkingTime" />
    <property name="libs.CopyLibs.src" value="" />
    <property name="build.dir" value="build" />
    <property name="libs.jsp-compilation.classpath" value="C:\Program Files\NetBeans-13\netbeans\extide\ant\lib\ant.jar;C:\Program Files\NetBeans-13\netbeans\enterprise\modules\ext\servlet3.1-jsp2.3-api.jar;C:\Program Files\NetBeans-13\netbeans\enterprise\modules\ext\glassfish-jspparser-4.0.jar;C:\Program Files\NetBeans-13\netbeans\enterprise\modules\ext\jsf-2_2\javax.faces.jar;C:\Program Files\NetBeans-13\netbeans\enterprise\modules\ext\jstl-api.jar;C:\Program Files\NetBeans-13\netbeans\extide\ant\lib\ant-launcher.jar" />
    <property name="libs.javaee-web-api-8.0.javadoc" value="C:\Program Files\NetBeans-13\netbeans\enterprise\docs\javaee-doc-api.jar" />
    <property name="debug.modulepath" value="" />
    <property name="ant.version" value="Apache Ant(TM) version 1.10.8 compiled on May 10 2020" />
    <property name="file.encoding" value="Cp1252" />
    <property name="build.classes.excludes" value="**/*.java,**/*.form" />
    <property name="jdkBug6558476" value="false" />
    <property name="javadoc.nonavbar" value="false" />
    <property name="libs.spring-webmvc4.0.classpath" value="C:\Program Files\NetBeans-13\netbeans\java\modules\ext\spring-4\spring-webmvc-4.3.29.RELEASE.jar" />
    <property name="platform.active" value="default_platform" />
    <property name="libs.javaee-web-api-8.0.maven-pom" value="" />
    <property name="awt.toolkit" value="sun.awt.windows.WToolkit" />
    <property name="libs.javaee-web-api-7.0.javadoc" value="C:\Program Files\NetBeans-13\netbeans\enterprise\docs\javaee-doc-api.jar" />
  </properties>
  <testcase classname="workingtime.views.Employee.AllEmpScreenTest" name="testSearchEmp" time="0.606" />
  <testcase classname="workingtime.views.Employee.AllEmpScreenTest" name="testUpdateEmp" time="0.023">
    <error message="-1" type="java.lang.ArrayIndexOutOfBoundsException">java.lang.ArrayIndexOutOfBoundsException: -1
	at java.util.Vector.elementData(Vector.java:739)
	at java.util.Vector.elementAt(Vector.java:482)
	at javax.swing.table.DefaultTableModel.getValueAt(DefaultTableModel.java:648)
	at workingtime.views.Employee.AllEmpScreen.updateEmp(AllEmpScreen.java:408)
	at workingtime.views.Employee.AllEmpScreenTest.testUpdateEmp(AllEmpScreenTest.java:37)
</error>
  </testcase>
  <testcase classname="workingtime.views.Employee.AllEmpScreenTest" name="testMain" time="0.035" />
  <testcase classname="workingtime.views.Employee.AllEmpScreenTest" name="testGetIconImage" time="0.082">
    <failure message="expected:&lt;null&gt; but was:&lt;sun.awt.image.ToolkitImage@29ba4338&gt;" type="junit.framework.AssertionFailedError">junit.framework.AssertionFailedError: expected:&lt;null&gt; but was:&lt;sun.awt.image.ToolkitImage@29ba4338&gt;
	at workingtime.views.Employee.AllEmpScreenTest.testGetIconImage(AllEmpScreenTest.java:69)
</failure>
  </testcase>
  <testcase classname="workingtime.views.Employee.AllEmpScreenTest" name="testDeleteEmp" time="0.072">
    <error message="-1" type="java.lang.ArrayIndexOutOfBoundsException">java.lang.ArrayIndexOutOfBoundsException: -1
	at java.util.Vector.elementData(Vector.java:739)
	at java.util.Vector.elementAt(Vector.java:482)
	at javax.swing.table.DefaultTableModel.getValueAt(DefaultTableModel.java:648)
	at workingtime.views.Employee.AllEmpScreen.deleteEmp(AllEmpScreen.java:432)
	at workingtime.views.Employee.AllEmpScreenTest.testDeleteEmp(AllEmpScreenTest.java:47)
</error>
  </testcase>
  <testcase classname="workingtime.views.Employee.AllEmpScreenTest" name="testConsult" time="0.034" />
  <system-out><![CDATA[searchEmp
updateEmp
main
getIconImage
deleteEmp
consult
]]></system-out>
  <system-err><![CDATA[]]></system-err>
</testsuite>
